591.jpg 1 0 0 50 50
336.jpg 1 0 0 50 50
119.jpg 1 0 0 50 50
607.jpg 1 0 0 50 50
492.jpg 1 0 0 50 50
293.jpg 1 0 0 50 50
493.jpg 1 0 0 50 50
259.jpg 1 0 0 50 50
559.jpg 1 0 0 50 50
546.jpg 1 0 0 50 50
355.jpg 1 0 0 50 50
624.jpg 1 0 0 50 50
5.jpg 1 0 0 50 50
110.jpg 1 0 0 50 50
171.jpg 1 0 0 50 50
516.jpg 1 0 0 50 50
133.jpg 1 0 0 50 50
455.jpg 1 0 0 50 50
372.jpg 1 0 0 50 50
22.jpg 1 0 0 50 50
392.jpg 1 0 0 50 50
364.jpg 1 0 0 50 50
210.jpg 1 0 0 50 50
280.jpg 1 0 0 50 50
605.jpg 1 0 0 50 50
334.jpg 1 0 0 50 50
194.jpg 1 0 0 50 50
161.jpg 1 0 0 50 50
377.jpg 1 0 0 50 50
374.jpg 1 0 0 50 50
384.jpg 1 0 0 50 50
487.jpg 1 0 0 50 50
95.jpg 1 0 0 50 50
60.jpg 1 0 0 50 50
447.jpg 1 0 0 50 50
230.jpg 1 0 0 50 50
150.jpg 1 0 0 50 50
191.jpg 1 0 0 50 50
180.jpg 1 0 0 50 50
482.jpg 1 0 0 50 50
604.jpg 1 0 0 50 50
580.jpg 1 0 0 50 50
530.jpg 1 0 0 50 50
357.jpg 1 0 0 50 50
642.jpg 1 0 0 50 50
38.jpg 1 0 0 50 50
603.jpg 1 0 0 50 50
315.jpg 1 0 0 50 50
106.jpg 1 0 0 50 50
545.jpg 1 0 0 50 50
241.jpg 1 0 0 50 50
37.jpg 1 0 0 50 50
48.jpg 1 0 0 50 50
253.jpg 1 0 0 50 50
351.jpg 1 0 0 50 50
451.jpg 1 0 0 50 50
600.jpg 1 0 0 50 50
233.jpg 1 0 0 50 50
437.jpg 1 0 0 50 50
80.jpg 1 0 0 50 50
519.jpg 1 0 0 50 50
86.jpg 1 0 0 50 50
308.jpg 1 0 0 50 50
127.jpg 1 0 0 50 50
77.jpg 1 0 0 50 50
96.jpg 1 0 0 50 50
585.jpg 1 0 0 50 50
273.jpg 1 0 0 50 50
352.jpg 1 0 0 50 50
505.jpg 1 0 0 50 50
8.jpg 1 0 0 50 50
73.jpg 1 0 0 50 50
356.jpg 1 0 0 50 50
429.jpg 1 0 0 50 50
558.jpg 1 0 0 50 50
303.jpg 1 0 0 50 50
532.jpg 1 0 0 50 50
639.jpg 1 0 0 50 50
174.jpg 1 0 0 50 50
393.jpg 1 0 0 50 50
543.jpg 1 0 0 50 50
172.jpg 1 0 0 50 50
128.jpg 1 0 0 50 50
528.jpg 1 0 0 50 50
278.jpg 1 0 0 50 50
474.jpg 1 0 0 50 50
383.jpg 1 0 0 50 50
599.jpg 1 0 0 50 50
92.jpg 1 0 0 50 50
583.jpg 1 0 0 50 50
299.jpg 1 0 0 50 50
633.jpg 1 0 0 50 50
647.jpg 1 0 0 50 50
208.jpg 1 0 0 50 50
408.jpg 1 0 0 50 50
18.jpg 1 0 0 50 50
178.jpg 1 0 0 50 50
343.jpg 1 0 0 50 50
4.jpg 1 0 0 50 50
443.jpg 1 0 0 50 50
318.jpg 1 0 0 50 50
425.jpg 1 0 0 50 50
332.jpg 1 0 0 50 50
141.jpg 1 0 0 50 50
138.jpg 1 0 0 50 50
152.jpg 1 0 0 50 50
276.jpg 1 0 0 50 50
237.jpg 1 0 0 50 50
199.jpg 1 0 0 50 50
207.jpg 1 0 0 50 50
501.jpg 1 0 0 50 50
389.jpg 1 0 0 50 50
71.jpg 1 0 0 50 50
257.jpg 1 0 0 50 50
518.jpg 1 0 0 50 50
331.jpg 1 0 0 50 50
305.jpg 1 0 0 50 50
522.jpg 1 0 0 50 50
132.jpg 1 0 0 50 50
240.jpg 1 0 0 50 50
304.jpg 1 0 0 50 50
520.jpg 1 0 0 50 50
442.jpg 1 0 0 50 50
306.jpg 1 0 0 50 50
164.jpg 1 0 0 50 50
373.jpg 1 0 0 50 50
422.jpg 1 0 0 50 50
427.jpg 1 0 0 50 50
401.jpg 1 0 0 50 50
58.jpg 1 0 0 50 50
399.jpg 1 0 0 50 50
348.jpg 1 0 0 50 50
231.jpg 1 0 0 50 50
36.jpg 1 0 0 50 50
30.jpg 1 0 0 50 50
646.jpg 1 0 0 50 50
176.jpg 1 0 0 50 50
54.jpg 1 0 0 50 50
344.jpg 1 0 0 50 50
446.jpg 1 0 0 50 50
25.jpg 1 0 0 50 50
459.jpg 1 0 0 50 50
226.jpg 1 0 0 50 50
189.jpg 1 0 0 50 50
375.jpg 1 0 0 50 50
524.jpg 1 0 0 50 50
317.jpg 1 0 0 50 50
577.jpg 1 0 0 50 50
190.jpg 1 0 0 50 50
514.jpg 1 0 0 50 50
3.jpg 1 0 0 50 50
255.jpg 1 0 0 50 50
121.jpg 1 0 0 50 50
423.jpg 1 0 0 50 50
66.jpg 1 0 0 50 50
510.jpg 1 0 0 50 50
93.jpg 1 0 0 50 50
550.jpg 1 0 0 50 50
28.jpg 1 0 0 50 50
70.jpg 1 0 0 50 50
539.jpg 1 0 0 50 50
246.jpg 1 0 0 50 50
395.jpg 1 0 0 50 50
420.jpg 1 0 0 50 50
282.jpg 1 0 0 50 50
82.jpg 1 0 0 50 50
214.jpg 1 0 0 50 50
596.jpg 1 0 0 50 50
154.jpg 1 0 0 50 50
433.jpg 1 0 0 50 50
555.jpg 1 0 0 50 50
504.jpg 1 0 0 50 50
404.jpg 1 0 0 50 50
163.jpg 1 0 0 50 50
477.jpg 1 0 0 50 50
195.jpg 1 0 0 50 50
552.jpg 1 0 0 50 50
553.jpg 1 0 0 50 50
301.jpg 1 0 0 50 50
467.jpg 1 0 0 50 50
460.jpg 1 0 0 50 50
114.jpg 1 0 0 50 50
135.jpg 1 0 0 50 50
434.jpg 1 0 0 50 50
609.jpg 1 0 0 50 50
45.jpg 1 0 0 50 50
620.jpg 1 0 0 50 50
432.jpg 1 0 0 50 50
145.jpg 1 0 0 50 50
137.jpg 1 0 0 50 50
544.jpg 1 0 0 50 50
622.jpg 1 0 0 50 50
236.jpg 1 0 0 50 50
296.jpg 1 0 0 50 50
69.jpg 1 0 0 50 50
103.jpg 1 0 0 50 50
16.jpg 1 0 0 50 50
416.jpg 1 0 0 50 50
452.jpg 1 0 0 50 50
203.jpg 1 0 0 50 50
183.jpg 1 0 0 50 50
588.jpg 1 0 0 50 50
625.jpg 1 0 0 50 50
157.jpg 1 0 0 50 50
365.jpg 1 0 0 50 50
87.jpg 1 0 0 50 50
57.jpg 1 0 0 50 50
32.jpg 1 0 0 50 50
68.jpg 1 0 0 50 50
576.jpg 1 0 0 50 50
592.jpg 1 0 0 50 50
97.jpg 1 0 0 50 50
491.jpg 1 0 0 50 50
126.jpg 1 0 0 50 50
536.jpg 1 0 0 50 50
431.jpg 1 0 0 50 50
631.jpg 1 0 0 50 50
324.jpg 1 0 0 50 50
554.jpg 1 0 0 50 50
239.jpg 1 0 0 50 50
345.jpg 1 0 0 50 50
200.jpg 1 0 0 50 50
204.jpg 1 0 0 50 50
20.jpg 1 0 0 50 50
508.jpg 1 0 0 50 50
9.jpg 1 0 0 50 50
21.jpg 1 0 0 50 50
463.jpg 1 0 0 50 50
109.jpg 1 0 0 50 50
319.jpg 1 0 0 50 50
105.jpg 1 0 0 50 50
379.jpg 1 0 0 50 50
441.jpg 1 0 0 50 50
166.jpg 1 0 0 50 50
579.jpg 1 0 0 50 50
186.jpg 1 0 0 50 50
11.jpg 1 0 0 50 50
175.jpg 1 0 0 50 50
608.jpg 1 0 0 50 50
566.jpg 1 0 0 50 50
7.jpg 1 0 0 50 50
288.jpg 1 0 0 50 50
198.jpg 1 0 0 50 50
74.jpg 1 0 0 50 50
353.jpg 1 0 0 50 50
168.jpg 1 0 0 50 50
513.jpg 1 0 0 50 50
405.jpg 1 0 0 50 50
628.jpg 1 0 0 50 50
309.jpg 1 0 0 50 50
575.jpg 1 0 0 50 50
453.jpg 1 0 0 50 50
378.jpg 1 0 0 50 50
42.jpg 1 0 0 50 50
335.jpg 1 0 0 50 50
202.jpg 1 0 0 50 50
291.jpg 1 0 0 50 50
414.jpg 1 0 0 50 50
212.jpg 1 0 0 50 50
205.jpg 1 0 0 50 50
279.jpg 1 0 0 50 50
130.jpg 1 0 0 50 50
181.jpg 1 0 0 50 50
562.jpg 1 0 0 50 50
499.jpg 1 0 0 50 50
62.jpg 1 0 0 50 50
517.jpg 1 0 0 50 50
623.jpg 1 0 0 50 50
271.jpg 1 0 0 50 50
100.jpg 1 0 0 50 50
337.jpg 1 0 0 50 50
369.jpg 1 0 0 50 50
449.jpg 1 0 0 50 50
387.jpg 1 0 0 50 50
89.jpg 1 0 0 50 50
640.jpg 1 0 0 50 50
485.jpg 1 0 0 50 50
561.jpg 1 0 0 50 50
376.jpg 1 0 0 50 50
112.jpg 1 0 0 50 50
415.jpg 1 0 0 50 50
234.jpg 1 0 0 50 50
333.jpg 1 0 0 50 50
47.jpg 1 0 0 50 50
228.jpg 1 0 0 50 50
41.jpg 1 0 0 50 50
63.jpg 1 0 0 50 50
503.jpg 1 0 0 50 50
238.jpg 1 0 0 50 50
261.jpg 1 0 0 50 50
511.jpg 1 0 0 50 50
450.jpg 1 0 0 50 50
571.jpg 1 0 0 50 50
488.jpg 1 0 0 50 50
540.jpg 1 0 0 50 50
218.jpg 1 0 0 50 50
612.jpg 1 0 0 50 50
67.jpg 1 0 0 50 50
300.jpg 1 0 0 50 50
454.jpg 1 0 0 50 50
90.jpg 1 0 0 50 50
616.jpg 1 0 0 50 50
2.jpg 1 0 0 50 50
290.jpg 1 0 0 50 50
515.jpg 1 0 0 50 50
456.jpg 1 0 0 50 50
294.jpg 1 0 0 50 50
148.jpg 1 0 0 50 50
270.jpg 1 0 0 50 50
525.jpg 1 0 0 50 50
521.jpg 1 0 0 50 50
201.jpg 1 0 0 50 50
284.jpg 1 0 0 50 50
411.jpg 1 0 0 50 50
461.jpg 1 0 0 50 50
113.jpg 1 0 0 50 50
643.jpg 1 0 0 50 50
254.jpg 1 0 0 50 50
251.jpg 1 0 0 50 50
494.jpg 1 0 0 50 50
465.jpg 1 0 0 50 50
386.jpg 1 0 0 50 50
258.jpg 1 0 0 50 50
192.jpg 1 0 0 50 50
267.jpg 1 0 0 50 50
302.jpg 1 0 0 50 50
124.jpg 1 0 0 50 50
83.jpg 1 0 0 50 50
397.jpg 1 0 0 50 50
118.jpg 1 0 0 50 50
227.jpg 1 0 0 50 50
421.jpg 1 0 0 50 50
506.jpg 1 0 0 50 50
115.jpg 1 0 0 50 50
565.jpg 1 0 0 50 50
146.jpg 1 0 0 50 50
35.jpg 1 0 0 50 50
131.jpg 1 0 0 50 50
39.jpg 1 0 0 50 50
634.jpg 1 0 0 50 50
547.jpg 1 0 0 50 50
102.jpg 1 0 0 50 50
24.jpg 1 0 0 50 50
156.jpg 1 0 0 50 50
46.jpg 1 0 0 50 50
480.jpg 1 0 0 50 50
229.jpg 1 0 0 50 50
328.jpg 1 0 0 50 50
26.jpg 1 0 0 50 50
479.jpg 1 0 0 50 50
560.jpg 1 0 0 50 50
527.jpg 1 0 0 50 50
111.jpg 1 0 0 50 50
534.jpg 1 0 0 50 50
489.jpg 1 0 0 50 50
61.jpg 1 0 0 50 50
424.jpg 1 0 0 50 50
615.jpg 1 0 0 50 50
286.jpg 1 0 0 50 50
289.jpg 1 0 0 50 50
627.jpg 1 0 0 50 50
49.jpg 1 0 0 50 50
116.jpg 1 0 0 50 50
314.jpg 1 0 0 50 50
440.jpg 1 0 0 50 50
512.jpg 1 0 0 50 50
216.jpg 1 0 0 50 50
147.jpg 1 0 0 50 50
217.jpg 1 0 0 50 50
162.jpg 1 0 0 50 50
40.jpg 1 0 0 50 50
209.jpg 1 0 0 50 50
78.jpg 1 0 0 50 50
568.jpg 1 0 0 50 50
359.jpg 1 0 0 50 50
295.jpg 1 0 0 50 50
637.jpg 1 0 0 50 50
17.jpg 1 0 0 50 50
211.jpg 1 0 0 50 50
490.jpg 1 0 0 50 50
563.jpg 1 0 0 50 50
598.jpg 1 0 0 50 50
321.jpg 1 0 0 50 50
368.jpg 1 0 0 50 50
260.jpg 1 0 0 50 50
235.jpg 1 0 0 50 50
390.jpg 1 0 0 50 50
283.jpg 1 0 0 50 50
473.jpg 1 0 0 50 50
419.jpg 1 0 0 50 50
630.jpg 1 0 0 50 50
541.jpg 1 0 0 50 50
638.jpg 1 0 0 50 50
215.jpg 1 0 0 50 50
478.jpg 1 0 0 50 50
572.jpg 1 0 0 50 50
262.jpg 1 0 0 50 50
170.jpg 1 0 0 50 50
29.jpg 1 0 0 50 50
564.jpg 1 0 0 50 50
263.jpg 1 0 0 50 50
34.jpg 1 0 0 50 50
266.jpg 1 0 0 50 50
409.jpg 1 0 0 50 50
144.jpg 1 0 0 50 50
497.jpg 1 0 0 50 50
225.jpg 1 0 0 50 50
380.jpg 1 0 0 50 50
330.jpg 1 0 0 50 50
184.jpg 1 0 0 50 50
99.jpg 1 0 0 50 50
220.jpg 1 0 0 50 50
94.jpg 1 0 0 50 50
188.jpg 1 0 0 50 50
310.jpg 1 0 0 50 50
618.jpg 1 0 0 50 50
484.jpg 1 0 0 50 50
367.jpg 1 0 0 50 50
6.jpg 1 0 0 50 50
496.jpg 1 0 0 50 50
88.jpg 1 0 0 50 50
469.jpg 1 0 0 50 50
435.jpg 1 0 0 50 50
381.jpg 1 0 0 50 50
349.jpg 1 0 0 50 50
185.jpg 1 0 0 50 50
1.jpg 1 0 0 50 50
354.jpg 1 0 0 50 50
327.jpg 1 0 0 50 50
526.jpg 1 0 0 50 50
140.jpg 1 0 0 50 50
56.jpg 1 0 0 50 50
430.jpg 1 0 0 50 50
502.jpg 1 0 0 50 50
569.jpg 1 0 0 50 50
582.jpg 1 0 0 50 50
471.jpg 1 0 0 50 50
476.jpg 1 0 0 50 50
213.jpg 1 0 0 50 50
159.jpg 1 0 0 50 50
219.jpg 1 0 0 50 50
313.jpg 1 0 0 50 50
76.jpg 1 0 0 50 50
19.jpg 1 0 0 50 50
224.jpg 1 0 0 50 50
298.jpg 1 0 0 50 50
142.jpg 1 0 0 50 50
91.jpg 1 0 0 50 50
448.jpg 1 0 0 50 50
307.jpg 1 0 0 50 50
250.jpg 1 0 0 50 50
406.jpg 1 0 0 50 50
101.jpg 1 0 0 50 50
464.jpg 1 0 0 50 50
329.jpg 1 0 0 50 50
134.jpg 1 0 0 50 50
584.jpg 1 0 0 50 50
326.jpg 1 0 0 50 50
439.jpg 1 0 0 50 50
50.jpg 1 0 0 50 50
426.jpg 1 0 0 50 50
529.jpg 1 0 0 50 50
281.jpg 1 0 0 50 50
533.jpg 1 0 0 50 50
182.jpg 1 0 0 50 50
287.jpg 1 0 0 50 50
400.jpg 1 0 0 50 50
129.jpg 1 0 0 50 50
197.jpg 1 0 0 50 50
606.jpg 1 0 0 50 50
285.jpg 1 0 0 50 50
187.jpg 1 0 0 50 50
602.jpg 1 0 0 50 50
125.jpg 1 0 0 50 50
269.jpg 1 0 0 50 50
136.jpg 1 0 0 50 50
551.jpg 1 0 0 50 50
601.jpg 1 0 0 50 50
256.jpg 1 0 0 50 50
410.jpg 1 0 0 50 50
52.jpg 1 0 0 50 50
72.jpg 1 0 0 50 50
339.jpg 1 0 0 50 50
179.jpg 1 0 0 50 50
557.jpg 1 0 0 50 50
632.jpg 1 0 0 50 50
444.jpg 1 0 0 50 50
221.jpg 1 0 0 50 50
169.jpg 1 0 0 50 50
462.jpg 1 0 0 50 50
265.jpg 1 0 0 50 50
13.jpg 1 0 0 50 50
340.jpg 1 0 0 50 50
85.jpg 1 0 0 50 50
481.jpg 1 0 0 50 50
107.jpg 1 0 0 50 50
249.jpg 1 0 0 50 50
590.jpg 1 0 0 50 50
149.jpg 1 0 0 50 50
64.jpg 1 0 0 50 50
641.jpg 1 0 0 50 50
594.jpg 1 0 0 50 50
165.jpg 1 0 0 50 50
117.jpg 1 0 0 50 50
610.jpg 1 0 0 50 50
43.jpg 1 0 0 50 50
350.jpg 1 0 0 50 50
548.jpg 1 0 0 50 50
567.jpg 1 0 0 50 50
160.jpg 1 0 0 50 50
402.jpg 1 0 0 50 50
325.jpg 1 0 0 50 50
542.jpg 1 0 0 50 50
153.jpg 1 0 0 50 50
396.jpg 1 0 0 50 50
342.jpg 1 0 0 50 50
292.jpg 1 0 0 50 50
361.jpg 1 0 0 50 50
466.jpg 1 0 0 50 50
268.jpg 1 0 0 50 50
177.jpg 1 0 0 50 50
44.jpg 1 0 0 50 50
556.jpg 1 0 0 50 50
578.jpg 1 0 0 50 50
549.jpg 1 0 0 50 50
382.jpg 1 0 0 50 50
248.jpg 1 0 0 50 50
573.jpg 1 0 0 50 50
311.jpg 1 0 0 50 50
371.jpg 1 0 0 50 50
167.jpg 1 0 0 50 50
363.jpg 1 0 0 50 50
33.jpg 1 0 0 50 50
242.jpg 1 0 0 50 50
644.jpg 1 0 0 50 50
436.jpg 1 0 0 50 50
483.jpg 1 0 0 50 50
538.jpg 1 0 0 50 50
75.jpg 1 0 0 50 50
457.jpg 1 0 0 50 50
360.jpg 1 0 0 50 50
581.jpg 1 0 0 50 50
341.jpg 1 0 0 50 50
143.jpg 1 0 0 50 50
629.jpg 1 0 0 50 50
151.jpg 1 0 0 50 50
244.jpg 1 0 0 50 50
247.jpg 1 0 0 50 50
586.jpg 1 0 0 50 50
385.jpg 1 0 0 50 50
394.jpg 1 0 0 50 50
277.jpg 1 0 0 50 50
626.jpg 1 0 0 50 50
338.jpg 1 0 0 50 50
619.jpg 1 0 0 50 50
59.jpg 1 0 0 50 50
645.jpg 1 0 0 50 50
323.jpg 1 0 0 50 50
458.jpg 1 0 0 50 50
391.jpg 1 0 0 50 50
232.jpg 1 0 0 50 50
403.jpg 1 0 0 50 50
388.jpg 1 0 0 50 50
173.jpg 1 0 0 50 50
438.jpg 1 0 0 50 50
10.jpg 1 0 0 50 50
398.jpg 1 0 0 50 50
475.jpg 1 0 0 50 50
535.jpg 1 0 0 50 50
12.jpg 1 0 0 50 50
635.jpg 1 0 0 50 50
320.jpg 1 0 0 50 50
597.jpg 1 0 0 50 50
621.jpg 1 0 0 50 50
614.jpg 1 0 0 50 50
500.jpg 1 0 0 50 50
27.jpg 1 0 0 50 50
428.jpg 1 0 0 50 50
507.jpg 1 0 0 50 50
275.jpg 1 0 0 50 50
611.jpg 1 0 0 50 50
495.jpg 1 0 0 50 50
509.jpg 1 0 0 50 50
346.jpg 1 0 0 50 50
123.jpg 1 0 0 50 50
81.jpg 1 0 0 50 50
316.jpg 1 0 0 50 50
370.jpg 1 0 0 50 50
53.jpg 1 0 0 50 50
322.jpg 1 0 0 50 50
206.jpg 1 0 0 50 50
223.jpg 1 0 0 50 50
243.jpg 1 0 0 50 50
587.jpg 1 0 0 50 50
55.jpg 1 0 0 50 50
366.jpg 1 0 0 50 50
155.jpg 1 0 0 50 50
274.jpg 1 0 0 50 50
84.jpg 1 0 0 50 50
486.jpg 1 0 0 50 50
252.jpg 1 0 0 50 50
574.jpg 1 0 0 50 50
65.jpg 1 0 0 50 50
14.jpg 1 0 0 50 50
589.jpg 1 0 0 50 50
417.jpg 1 0 0 50 50
193.jpg 1 0 0 50 50
31.jpg 1 0 0 50 50
79.jpg 1 0 0 50 50
104.jpg 1 0 0 50 50
122.jpg 1 0 0 50 50
445.jpg 1 0 0 50 50
15.jpg 1 0 0 50 50
636.jpg 1 0 0 50 50
470.jpg 1 0 0 50 50
347.jpg 1 0 0 50 50
222.jpg 1 0 0 50 50
245.jpg 1 0 0 50 50
358.jpg 1 0 0 50 50
498.jpg 1 0 0 50 50
531.jpg 1 0 0 50 50
407.jpg 1 0 0 50 50
362.jpg 1 0 0 50 50
51.jpg 1 0 0 50 50
418.jpg 1 0 0 50 50
413.jpg 1 0 0 50 50
297.jpg 1 0 0 50 50
595.jpg 1 0 0 50 50
23.jpg 1 0 0 50 50
120.jpg 1 0 0 50 50
613.jpg 1 0 0 50 50
468.jpg 1 0 0 50 50
570.jpg 1 0 0 50 50
312.jpg 1 0 0 50 50
617.jpg 1 0 0 50 50
158.jpg 1 0 0 50 50
196.jpg 1 0 0 50 50
537.jpg 1 0 0 50 50
98.jpg 1 0 0 50 50
523.jpg 1 0 0 50 50
139.jpg 1 0 0 50 50
412.jpg 1 0 0 50 50
272.jpg 1 0 0 50 50
108.jpg 1 0 0 50 50
593.jpg 1 0 0 50 50
264.jpg 1 0 0 50 50
472.jpg 1 0 0 50 50
0001_0006_0024_0038_0038.jpg 1 6 24 38 38
0002_0013_0027_0066_0066.jpg 1 13 27 66 66
0003_0038_0039_0026_0026.jpg 1 38 39 26 26
0004_0012_0013_0036_0036.jpg 1 12 13 36 36
0005_0027_0020_0026_0026.jpg 1 27 20 26 26
0006_0031_0057_0032_0032.jpg 1 31 57 32 32
0007_0009_0014_0028_0028.jpg 1 9 14 28 28
0008_0025_0008_0064_0064.jpg 1 25 8 64 64
0009_0008_0018_0024_0024.jpg 1 8 18 24 24
0010_0025_0043_0051_0051.jpg 1 25 43 51 51
0011_0020_0019_0054_0054.jpg 1 20 19 54 54
0012_0013_0016_0069_0069.jpg 1 13 16 69 69
0013_0039_0046_0034_0034.jpg 1 39 46 34 34
0014_0025_0010_0044_0044.jpg 1 25 10 44 44
0015_0011_0027_0045_0045.jpg 1 11 27 45 45
0016_0037_0007_0056_0056.jpg 1 37 7 56 56
0017_0006_0032_0041_0041.jpg 1 6 32 41 41
0018_0021_0044_0049_0049.jpg 1 21 44 49 49
0019_0016_0010_0069_0069.jpg 1 16 10 69 69
0020_0007_0022_0058_0058.jpg 1 7 22 58 58
0021_0012_0047_0040_0040.jpg 1 12 47 40 40
0022_0022_0006_0065_0065.jpg 1 22 6 65 65
0023_0049_0008_0040_0040.jpg 1 49 8 40 40
0024_0048_0029_0042_0042.jpg 1 48 29 42 42
0025_0005_0017_0049_0049.jpg 1 5 17 49 49
0026_0020_0011_0033_0033.jpg 1 20 11 33 33
0027_0011_0012_0063_0063.jpg 1 11 12 63 63
0028_0037_0015_0044_0044.jpg 1 37 15 44 44
0029_0028_0007_0060_0060.jpg 1 28 7 60 60
0030_0052_0021_0030_0030.jpg 1 52 21 30 30
0031_0054_0016_0024_0024.jpg 1 54 16 24 24
0032_0063_0029_0028_0028.jpg 1 63 29 28 28
0033_0035_0035_0027_0027.jpg 1 35 35 27 27
0034_0040_0020_0035_0035.jpg 1 40 20 35 35
0035_0042_0043_0042_0042.jpg 1 42 43 42 42
0036_0011_0011_0061_0061.jpg 1 11 11 61 61
0037_0016_0006_0053_0053.jpg 1 16 6 53 53
0038_0011_0019_0049_0049.jpg 1 11 19 49 49
0039_0032_0032_0024_0024.jpg 1 32 32 24 24
0040_0049_0028_0037_0037.jpg 1 49 28 37 37
0041_0037_0035_0045_0045.jpg 1 37 35 45 45
0042_0018_0024_0053_0053.jpg 1 18 24 53 53
0043_0013_0042_0028_0028.jpg 1 13 42 28 28
0044_0051_0046_0032_0032.jpg 1 51 46 32 32
0045_0056_0038_0034_0034.jpg 1 56 38 34 34
0046_0058_0023_0025_0025.jpg 1 58 23 25 25
0047_0039_0008_0035_0035.jpg 1 39 8 35 35
0048_0003_0021_0067_0067.jpg 1 3 21 67 67
0049_0017_0053_0040_0040.jpg 1 17 53 40 40
0050_0005_0032_0044_0044.jpg 1 5 32 44 44
0051_0001_0001_0048_0048.jpg 1 1 1 48 48
0052_0021_0049_0029_0029.jpg 1 21 49 29 29
0053_0021_0034_0037_0037.jpg 1 21 34 37 37
0054_0009_0024_0051_0051.jpg 1 9 24 51 51
0055_0006_0022_0042_0042.jpg 1 6 22 42 42
0056_0009_0009_0067_0067.jpg 1 9 9 67 67
0057_0053_0015_0030_0030.jpg 1 53 15 30 30
0058_0048_0038_0039_0039.jpg 1 48 38 39 39
0059_0036_0038_0057_0057.jpg 1 36 38 57 57
0060_0025_0027_0060_0060.jpg 1 25 27 60 60
0061_0032_0015_0032_0032.jpg 1 32 15 32 32
0062_0012_0017_0042_0042.jpg 1 12 17 42 42
0063_0031_0007_0035_0035.jpg 1 31 7 35 35
0064_0016_0023_0059_0059.jpg 1 16 23 59 59
0065_0017_0043_0027_0027.jpg 1 17 43 27 27
0066_0036_0057_0033_0033.jpg 1 36 57 33 33
0067_0046_0006_0034_0034.jpg 1 46 6 34 34
0068_0035_0009_0055_0055.jpg 1 35 9 55 55
0069_0023_0019_0032_0032.jpg 1 23 19 32 32
0070_0007_0048_0035_0035.jpg 1 7 48 35 35
0071_0038_0049_0030_0030.jpg 1 38 49 30 30
0072_0013_0026_0060_0060.jpg 1 13 26 60 60
0073_0017_0026_0051_0051.jpg 1 17 26 51 51
0074_0029_0030_0063_0063.jpg 1 29 30 63 63
0075_0016_0008_0059_0059.jpg 1 16 8 59 59
0076_0018_0040_0053_0053.jpg 1 18 40 53 53
0077_0019_0012_0058_0058.jpg 1 19 12 58 58
0078_0034_0012_0056_0056.jpg 1 34 12 56 56
0079_0027_0015_0063_0063.jpg 1 27 15 63 63
0080_0033_0039_0038_0038.jpg 1 33 39 38 38
0081_0030_0041_0049_0049.jpg 1 30 41 49 49
0082_0047_0011_0038_0038.jpg 1 47 11 38 38
0083_0021_0036_0030_0030.jpg 1 21 36 30 30
0084_0030_0025_0041_0041.jpg 1 30 25 41 41
0085_0056_0026_0033_0033.jpg 1 56 26 33 33
0086_0030_0036_0032_0032.jpg 1 30 36 32 32
0087_0005_0006_0049_0049.jpg 1 5 6 49 49
0088_0011_0008_0065_0065.jpg 1 11 8 65 65
0089_0009_0020_0046_0046.jpg 1 9 20 46 46
0090_0032_0026_0043_0043.jpg 1 32 26 43 43
0091_0039_0051_0039_0039.jpg 1 39 51 39 39
0092_0010_0020_0050_0050.jpg 1 10 20 50 50
0093_0008_0015_0065_0065.jpg 1 8 15 65 65
0094_0007_0027_0067_0067.jpg 1 7 27 67 67
0095_0038_0023_0042_0042.jpg 1 38 23 42 42
0096_0027_0041_0024_0024.jpg 1 27 41 24 24
0097_0020_0050_0038_0038.jpg 1 20 50 38 38
0098_0031_0020_0049_0049.jpg 1 31 20 49 49
0099_0016_0011_0036_0036.jpg 1 16 11 36 36
0100_0034_0025_0051_0051.jpg 1 34 25 51 51
0001_0016_0015_0028_0028.jpg 1 16 15 28 28
0002_0012_0008_0026_0026.jpg 1 12 8 26 26
0003_0016_0018_0027_0027.jpg 1 16 18 27 27
0004_0040_0048_0032_0032.jpg 1 40 48 32 32
0005_0011_0006_0032_0032.jpg 1 11 6 32 32
0006_0058_0058_0025_0025.jpg 1 58 58 25 25
0007_0066_0033_0026_0026.jpg 1 66 33 26 26
0008_0028_0040_0028_0028.jpg 1 28 40 28 28
0009_0011_0025_0025_0025.jpg 1 11 25 25 25
0010_0038_0051_0031_0031.jpg 1 38 51 31 31
0011_0063_0049_0028_0028.jpg 1 63 49 28 28
0012_0036_0031_0027_0027.jpg 1 36 31 27 27
0013_0011_0055_0025_0025.jpg 1 11 55 25 25
0014_0046_0035_0031_0031.jpg 1 46 35 31 31
0015_0057_0043_0028_0028.jpg 1 57 43 28 28
0016_0032_0063_0024_0024.jpg 1 32 63 24 24
0017_0025_0023_0027_0027.jpg 1 25 23 27 27
0018_0042_0042_0030_0030.jpg 1 42 42 30 30
0019_0063_0023_0028_0028.jpg 1 63 23 28 28
0020_0016_0030_0033_0033.jpg 1 16 30 33 33
0021_0036_0008_0027_0027.jpg 1 36 8 27 27
0022_0053_0040_0032_0032.jpg 1 53 40 32 32
0023_0042_0059_0031_0031.jpg 1 42 59 31 31
0024_0042_0035_0032_0032.jpg 1 42 35 32 32
0025_0010_0054_0029_0029.jpg 1 10 54 29 29
0026_0049_0030_0030_0030.jpg 1 49 30 30 30
0027_0049_0009_0034_0034.jpg 1 49 9 34 34
0028_0010_0033_0033_0033.jpg 1 10 33 33 33
0029_0051_0026_0032_0032.jpg 1 51 26 32 32
0030_0029_0023_0024_0024.jpg 1 29 23 24 24
0031_0034_0040_0024_0024.jpg 1 34 40 24 24
0032_0010_0027_0029_0029.jpg 1 10 27 29 29
0033_0045_0021_0025_0025.jpg 1 45 21 25 25
0034_0021_0038_0032_0032.jpg 1 21 38 32 32
0035_0046_0043_0025_0025.jpg 1 46 43 25 25
0036_0037_0031_0029_0029.jpg 1 37 31 29 29
0037_0053_0041_0028_0028.jpg 1 53 41 28 28
0038_0011_0051_0033_0033.jpg 1 11 51 33 33
0039_0048_0022_0032_0032.jpg 1 48 22 32 32
0040_0022_0030_0027_0027.jpg 1 22 30 27 27
0041_0011_0021_0031_0031.jpg 1 11 21 31 31
0042_0027_0041_0029_0029.jpg 1 27 41 29 29
0043_0057_0009_0032_0032.jpg 1 57 9 32 32
0044_0041_0042_0027_0027.jpg 1 41 42 27 27
0045_0021_0011_0032_0032.jpg 1 21 11 32 32
0046_0041_0011_0026_0026.jpg 1 41 11 26 26
0047_0009_0038_0031_0031.jpg 1 9 38 31 31
0048_0013_0043_0033_0033.jpg 1 13 43 33 33
0049_0043_0044_0026_0026.jpg 1 43 44 26 26
0050_0053_0029_0028_0028.jpg 1 53 29 28 28
0001_0191_0052_0218_0218.jpg 1 191 52 218 218
0001_0036_0014_0054_0054.jpg 1 36 14 54 54
0002_0011_0033_0057_0057.jpg 1 11 33 57 57
0003_0018_0029_0046_0046.jpg 1 18 29 46 46
0004_0044_0017_0025_0025.jpg 1 44 17 25 25
0005_0022_0010_0050_0050.jpg 1 22 10 50 50
0006_0033_0026_0056_0056.jpg 1 33 26 56 56
0007_0066_0047_0025_0025.jpg 1 66 47 25 25
0008_0036_0023_0034_0034.jpg 1 36 23 34 34
0009_0005_0040_0053_0053.jpg 1 5 40 53 53
0010_0039_0023_0037_0037.jpg 1 39 23 37 37
0011_0004_0026_0052_0052.jpg 1 4 26 52 52
0012_0007_0023_0050_0050.jpg 1 7 23 50 50
0013_0023_0057_0031_0031.jpg 1 23 57 31 31
0014_0034_0008_0056_0056.jpg 1 34 8 56 56
0015_0023_0019_0064_0064.jpg 1 23 19 64 64
0016_0039_0051_0043_0043.jpg 1 39 51 43 43
0017_0029_0042_0039_0039.jpg 1 29 42 39 39
0018_0034_0024_0049_0049.jpg 1 34 24 49 49
0019_0028_0017_0050_0050.jpg 1 28 17 50 50
0020_0053_0050_0025_0025.jpg 1 53 50 25 25
0021_0011_0025_0066_0066.jpg 1 11 25 66 66
0022_0035_0016_0053_0053.jpg 1 35 16 53 53
0023_0030_0007_0059_0059.jpg 1 30 7 59 59
0024_0024_0026_0048_0048.jpg 1 24 26 48 48
0025_0013_0009_0068_0068.jpg 1 13 9 68 68
0026_0013_0021_0063_0063.jpg 1 13 21 63 63
0027_0006_0025_0068_0068.jpg 1 6 25 68 68
0028_0021_0007_0067_0067.jpg 1 21 7 67 67
0029_0043_0031_0034_0034.jpg 1 43 31 34 34
0030_0017_0016_0048_0048.jpg 1 17 16 48 48
0031_0044_0012_0030_0030.jpg 1 44 12 30 30
0032_0039_0049_0042_0042.jpg 1 39 49 42 42
0033_0012_0030_0026_0026.jpg 1 12 30 26 26
0034_0049_0019_0030_0030.jpg 1 49 19 30 30
0035_0036_0017_0050_0050.jpg 1 36 17 50 50
0036_0066_0034_0024_0024.jpg 1 66 34 24 24
0037_0023_0048_0035_0035.jpg 1 23 48 35 35
0038_0029_0015_0050_0050.jpg 1 29 15 50 50
0039_0023_0056_0024_0024.jpg 1 23 56 24 24
0040_0029_0025_0067_0067.jpg 1 29 25 67 67
0041_0002_0006_0033_0033.jpg 1 2 6 33 33
0042_0017_0009_0026_0026.jpg 1 17 9 26 26
0043_0059_0032_0026_0026.jpg 1 59 32 26 26
0044_0028_0031_0064_0064.jpg 1 28 31 64 64
0045_0015_0016_0063_0063.jpg 1 15 16 63 63
0046_0010_0038_0045_0045.jpg 1 10 38 45 45
0047_0007_0012_0054_0054.jpg 1 7 12 54 54
0048_0023_0027_0054_0054.jpg 1 23 27 54 54
0049_0054_0037_0029_0029.jpg 1 54 37 29 29
0050_0060_0052_0031_0031.jpg 1 60 52 31 31
0001_0024_0037_0027_0027.jpg 1 24 37 27 27
0002_0037_0012_0031_0031.jpg 1 37 12 31 31
0003_0026_0006_0052_0052.jpg 1 26 6 52 52
0004_0019_0012_0041_0041.jpg 1 19 12 41 41
0005_0029_0030_0063_0063.jpg 1 29 30 63 63
0006_0031_0024_0054_0054.jpg 1 31 24 54 54
0007_0004_0027_0062_0062.jpg 1 4 27 62 62
0008_0041_0033_0046_0046.jpg 1 41 33 46 46
0009_0005_0019_0055_0055.jpg 1 5 19 55 55
0010_0049_0040_0043_0043.jpg 1 49 40 43 43
0011_0013_0045_0046_0046.jpg 1 13 45 46 46
0012_0032_0009_0033_0033.jpg 1 32 9 33 33
0013_0027_0011_0036_0036.jpg 1 27 11 36 36
0014_0009_0023_0068_0068.jpg 1 9 23 68 68
0015_0044_0034_0043_0043.jpg 1 44 34 43 43
0016_0021_0037_0054_0054.jpg 1 21 37 54 54
0017_0035_0030_0036_0036.jpg 1 35 30 36 36
0018_0008_0018_0068_0068.jpg 1 8 18 68 68
0019_0028_0016_0046_0046.jpg 1 28 16 46 46
0020_0065_0020_0025_0025.jpg 1 65 20 25 25
0021_0018_0016_0056_0056.jpg 1 18 16 56 56
0022_0027_0037_0025_0025.jpg 1 27 37 25 25
0023_0018_0036_0044_0044.jpg 1 18 36 44 44
0024_0040_0030_0055_0055.jpg 1 40 30 55 55
0025_0040_0013_0048_0048.jpg 1 40 13 48 48
0026_0045_0018_0048_0048.jpg 1 45 18 48 48
0027_0019_0053_0037_0037.jpg 1 19 53 37 37
0028_0040_0024_0039_0039.jpg 1 40 24 39 39
0029_0030_0020_0036_0036.jpg 1 30 20 36 36
0030_0019_0030_0044_0044.jpg 1 19 30 44 44
0031_0019_0013_0053_0053.jpg 1 19 13 53 53
0032_0016_0038_0029_0029.jpg 1 16 38 29 29
0033_0029_0008_0060_0060.jpg 1 29 8 60 60
0034_0033_0023_0047_0047.jpg 1 33 23 47 47
0035_0016_0025_0028_0028.jpg 1 16 25 28 28
0036_0039_0031_0031_0031.jpg 1 39 31 31 31
0037_0062_0057_0024_0024.jpg 1 62 57 24 24
0038_0034_0012_0052_0052.jpg 1 34 12 52 52
0039_0023_0031_0058_0058.jpg 1 23 31 58 58
0040_0028_0054_0036_0036.jpg 1 28 54 36 36
0041_0023_0054_0028_0028.jpg 1 23 54 28 28
0042_0024_0044_0048_0048.jpg 1 24 44 48 48
0043_0048_0037_0037_0037.jpg 1 48 37 37 37
0044_0057_0036_0035_0035.jpg 1 57 36 35 35
0045_0014_0020_0066_0066.jpg 1 14 20 66 66
0046_0004_0024_0069_0069.jpg 1 4 24 69 69
0047_0040_0020_0036_0036.jpg 1 40 20 36 36
0048_0015_0003_0069_0069.jpg 1 15 3 69 69
0049_0032_0007_0051_0051.jpg 1 32 7 51 51
0050_0014_0030_0059_0059.jpg 1 14 30 59 59
0001_0014_0047_0039_0039.jpg 1 14 47 39 39
0002_0040_0028_0047_0047.jpg 1 40 28 47 47
0003_0005_0030_0050_0050.jpg 1 5 30 50 50
0004_0023_0025_0062_0062.jpg 1 23 25 62 62
0005_0010_0009_0066_0066.jpg 1 10 9 66 66
0006_0035_0035_0034_0034.jpg 1 35 35 34 34
0007_0006_0017_0060_0060.jpg 1 6 17 60 60
0008_0054_0044_0035_0035.jpg 1 54 44 35 35
0009_0013_0006_0054_0054.jpg 1 13 6 54 54
0010_0050_0016_0028_0028.jpg 1 50 16 28 28
0011_0043_0018_0048_0048.jpg 1 43 18 48 48
0012_0017_0056_0037_0037.jpg 1 17 56 37 37
0013_0038_0004_0054_0054.jpg 1 38 4 54 54
0014_0007_0041_0050_0050.jpg 1 7 41 50 50
0015_0033_0026_0028_0028.jpg 1 33 26 28 28
0016_0033_0013_0035_0035.jpg 1 33 13 35 35
0017_0014_0039_0043_0043.jpg 1 14 39 43 43
0018_0045_0045_0049_0049.jpg 1 45 45 49 49
0019_0028_0021_0058_0058.jpg 1 28 21 58 58
0020_0012_0004_0064_0064.jpg 1 12 4 64 64
0021_0013_0005_0056_0056.jpg 1 13 5 56 56
0022_0061_0015_0026_0026.jpg 1 61 15 26 26
0023_0020_0029_0053_0053.jpg 1 20 29 53 53
0024_0026_0007_0052_0052.jpg 1 26 7 52 52
0025_0015_0023_0052_0052.jpg 1 15 23 52 52
0026_0007_0010_0061_0061.jpg 1 7 10 61 61
0027_0029_0005_0062_0062.jpg 1 29 5 62 62
0028_0019_0010_0065_0065.jpg 1 19 10 65 65
0029_0031_0022_0024_0024.jpg 1 31 22 24 24
0030_0042_0039_0037_0037.jpg 1 42 39 37 37
0031_0027_0047_0033_0033.jpg 1 27 47 33 33
0032_0000_0000_0049_0049.jpg 1 0 0 49 49
0033_0044_0009_0049_0049.jpg 1 44 9 49 49
0034_0005_0027_0053_0053.jpg 1 5 27 53 53
0035_0029_0018_0060_0060.jpg 1 29 18 60 60
0036_0029_0017_0066_0066.jpg 1 29 17 66 66
0037_0013_0030_0066_0066.jpg 1 13 30 66 66
0038_0015_0014_0057_0057.jpg 1 15 14 57 57
0039_0009_0007_0065_0065.jpg 1 9 7 65 65
0040_0035_0023_0042_0042.jpg 1 35 23 42 42
0041_0006_0035_0042_0042.jpg 1 6 35 42 42
0042_0009_0006_0034_0034.jpg 1 9 6 34 34
0043_0012_0029_0064_0064.jpg 1 12 29 64 64
0044_0013_0010_0033_0033.jpg 1 13 10 33 33
0045_0040_0042_0046_0046.jpg 1 40 42 46 46
0046_0019_0054_0031_0031.jpg 1 19 54 31 31
0047_0032_0034_0032_0032.jpg 1 32 34 32 32
0048_0007_0005_0066_0066.jpg 1 7 5 66 66
0049_0061_0060_0026_0026.jpg 1 61 60 26 26
0050_0048_0033_0025_0025.jpg 1 48 33 25 25
0001_0026_0020_0044_0044.jpg 1 26 20 44 44
0002_0026_0046_0048_0048.jpg 1 26 46 48 48
0003_0042_0045_0037_0037.jpg 1 42 45 37 37
0004_0025_0010_0047_0047.jpg 1 25 10 47 47
0005_0021_0036_0049_0049.jpg 1 21 36 49 49
0006_0031_0046_0043_0043.jpg 1 31 46 43 43
0007_0016_0010_0067_0067.jpg 1 16 10 67 67
0008_0029_0039_0050_0050.jpg 1 29 39 50 50
0009_0016_0020_0058_0058.jpg 1 16 20 58 58
0010_0026_0019_0064_0064.jpg 1 26 19 64 64
0011_0032_0022_0054_0054.jpg 1 32 22 54 54
0012_0047_0014_0038_0038.jpg 1 47 14 38 38
0013_0023_0025_0050_0050.jpg 1 23 25 50 50
0014_0022_0036_0037_0037.jpg 1 22 36 37 37
0015_0014_0045_0034_0034.jpg 1 14 45 34 34
0016_0025_0030_0046_0046.jpg 1 25 30 46 46
0017_0046_0027_0043_0043.jpg 1 46 27 43 43
0018_0039_0015_0026_0026.jpg 1 39 15 26 26
0019_0032_0020_0036_0036.jpg 1 32 20 36 36
0020_0011_0017_0069_0069.jpg 1 11 17 69 69
0021_0007_0021_0055_0055.jpg 1 7 21 55 55
0022_0034_0060_0026_0026.jpg 1 34 60 26 26
0023_0026_0027_0047_0047.jpg 1 26 27 47 47
0024_0041_0020_0045_0045.jpg 1 41 20 45 45
0025_0051_0026_0036_0036.jpg 1 51 26 36 36
0026_0025_0011_0060_0060.jpg 1 25 11 60 60
0027_0021_0040_0051_0051.jpg 1 21 40 51 51
0028_0027_0012_0033_0033.jpg 1 27 12 33 33
0029_0034_0056_0031_0031.jpg 1 34 56 31 31
0030_0021_0019_0062_0062.jpg 1 21 19 62 62
0031_0015_0024_0060_0060.jpg 1 15 24 60 60
0032_0043_0031_0043_0043.jpg 1 43 31 43 43
0033_0060_0048_0024_0024.jpg 1 60 48 24 24
0034_0004_0019_0060_0060.jpg 1 4 19 60 60
0035_0011_0040_0028_0028.jpg 1 11 40 28 28
0036_0010_0028_0055_0055.jpg 1 10 28 55 55
0037_0025_0009_0026_0026.jpg 1 25 9 26 26
0038_0050_0047_0034_0034.jpg 1 50 47 34 34
0039_0036_0017_0043_0043.jpg 1 36 17 43 43
0040_0028_0048_0043_0043.jpg 1 28 48 43 43
0041_0017_0060_0028_0028.jpg 1 17 60 28 28
0042_0012_0013_0025_0025.jpg 1 12 13 25 25
0043_0029_0019_0045_0045.jpg 1 29 19 45 45
0044_0024_0041_0052_0052.jpg 1 24 41 52 52
0045_0015_0017_0061_0061.jpg 1 15 17 61 61
0046_0007_0015_0064_0064.jpg 1 7 15 64 64
0047_0038_0030_0039_0039.jpg 1 38 30 39 39
0048_0040_0036_0045_0045.jpg 1 40 36 45 45
0049_0025_0012_0056_0056.jpg 1 25 12 56 56
0050_0026_0028_0063_0063.jpg 1 26 28 63 63
0001_0014_0010_0061_0061.jpg 1 14 10 61 61
0002_0005_0028_0051_0051.jpg 1 5 28 51 51
0003_0041_0026_0027_0027.jpg 1 41 26 27 27
0004_0050_0025_0037_0037.jpg 1 50 25 37 37
0005_0046_0065_0025_0025.jpg 1 46 65 25 25
0006_0023_0012_0060_0060.jpg 1 23 12 60 60
0007_0020_0033_0062_0062.jpg 1 20 33 62 62
0008_0017_0021_0069_0069.jpg 1 17 21 69 69
0009_0024_0011_0059_0059.jpg 1 24 11 59 59
0010_0022_0008_0044_0044.jpg 1 22 8 44 44
0011_0022_0009_0068_0068.jpg 1 22 9 68 68
0012_0024_0022_0066_0066.jpg 1 24 22 66 66
0013_0047_0020_0046_0046.jpg 1 47 20 46 46
0014_0057_0036_0029_0029.jpg 1 57 36 29 29
0015_0030_0049_0040_0040.jpg 1 30 49 40 40
0016_0057_0034_0026_0026.jpg 1 57 34 26 26
0017_0041_0054_0025_0025.jpg 1 41 54 25 25
0018_0017_0025_0060_0060.jpg 1 17 25 60 60
0019_0022_0007_0043_0043.jpg 1 22 7 43 43
0020_0026_0044_0043_0043.jpg 1 26 44 43 43
0021_0048_0047_0033_0033.jpg 1 48 47 33 33
0022_0025_0017_0054_0054.jpg 1 25 17 54 54
0023_0039_0055_0035_0035.jpg 1 39 55 35 35
0024_0026_0013_0068_0068.jpg 1 26 13 68 68
0025_0004_0011_0062_0062.jpg 1 4 11 62 62
0026_0022_0044_0031_0031.jpg 1 22 44 31 31
0027_0030_0054_0031_0031.jpg 1 30 54 31 31
0028_0034_0019_0058_0058.jpg 1 34 19 58 58
0029_0007_0002_0037_0037.jpg 1 7 2 37 37
0030_0025_0014_0053_0053.jpg 1 25 14 53 53
0031_0010_0016_0064_0064.jpg 1 10 16 64 64
0032_0020_0014_0055_0055.jpg 1 20 14 55 55
0033_0012_0034_0045_0045.jpg 1 12 34 45 45
0034_0064_0011_0027_0027.jpg 1 64 11 27 27
0035_0057_0041_0035_0035.jpg 1 57 41 35 35
0036_0015_0035_0053_0053.jpg 1 15 35 53 53
0037_0017_0038_0032_0032.jpg 1 17 38 32 32
0038_0017_0005_0058_0058.jpg 1 17 5 58 58
0039_0036_0013_0037_0037.jpg 1 36 13 37 37
0040_0026_0032_0056_0056.jpg 1 26 32 56 56
0041_0020_0011_0063_0063.jpg 1 20 11 63 63
0042_0032_0057_0036_0036.jpg 1 32 57 36 36
0043_0006_0022_0064_0064.jpg 1 6 22 64 64
0044_0042_0029_0039_0039.jpg 1 42 29 39 39
0045_0029_0027_0044_0044.jpg 1 29 27 44 44
0046_0034_0015_0055_0055.jpg 1 34 15 55 55
0047_0015_0033_0050_0050.jpg 1 15 33 50 50
0048_0037_0012_0031_0031.jpg 1 37 12 31 31
0049_0017_0020_0059_0059.jpg 1 17 20 59 59
0050_0013_0035_0053_0053.jpg 1 13 35 53 53
