0001_0036_0014_0054_0054.jpg 1 36 14 54 54
0002_0011_0033_0057_0057.jpg 1 11 33 57 57
0003_0018_0029_0046_0046.jpg 1 18 29 46 46
0004_0044_0017_0025_0025.jpg 1 44 17 25 25
0005_0022_0010_0050_0050.jpg 1 22 10 50 50
0006_0033_0026_0056_0056.jpg 1 33 26 56 56
0007_0066_0047_0025_0025.jpg 1 66 47 25 25
0008_0036_0023_0034_0034.jpg 1 36 23 34 34
0009_0005_0040_0053_0053.jpg 1 5 40 53 53
0010_0039_0023_0037_0037.jpg 1 39 23 37 37
0011_0004_0026_0052_0052.jpg 1 4 26 52 52
0012_0007_0023_0050_0050.jpg 1 7 23 50 50
0013_0023_0057_0031_0031.jpg 1 23 57 31 31
0014_0034_0008_0056_0056.jpg 1 34 8 56 56
0015_0023_0019_0064_0064.jpg 1 23 19 64 64
0016_0039_0051_0043_0043.jpg 1 39 51 43 43
0017_0029_0042_0039_0039.jpg 1 29 42 39 39
0018_0034_0024_0049_0049.jpg 1 34 24 49 49
0019_0028_0017_0050_0050.jpg 1 28 17 50 50
0020_0053_0050_0025_0025.jpg 1 53 50 25 25
0021_0011_0025_0066_0066.jpg 1 11 25 66 66
0022_0035_0016_0053_0053.jpg 1 35 16 53 53
0023_0030_0007_0059_0059.jpg 1 30 7 59 59
0024_0024_0026_0048_0048.jpg 1 24 26 48 48
0025_0013_0009_0068_0068.jpg 1 13 9 68 68
0026_0013_0021_0063_0063.jpg 1 13 21 63 63
0027_0006_0025_0068_0068.jpg 1 6 25 68 68
0028_0021_0007_0067_0067.jpg 1 21 7 67 67
0029_0043_0031_0034_0034.jpg 1 43 31 34 34
0030_0017_0016_0048_0048.jpg 1 17 16 48 48
0031_0044_0012_0030_0030.jpg 1 44 12 30 30
0032_0039_0049_0042_0042.jpg 1 39 49 42 42
0033_0012_0030_0026_0026.jpg 1 12 30 26 26
0034_0049_0019_0030_0030.jpg 1 49 19 30 30
0035_0036_0017_0050_0050.jpg 1 36 17 50 50
0036_0066_0034_0024_0024.jpg 1 66 34 24 24
0037_0023_0048_0035_0035.jpg 1 23 48 35 35
0038_0029_0015_0050_0050.jpg 1 29 15 50 50
0039_0023_0056_0024_0024.jpg 1 23 56 24 24
0040_0029_0025_0067_0067.jpg 1 29 25 67 67
0041_0002_0006_0033_0033.jpg 1 2 6 33 33
0042_0017_0009_0026_0026.jpg 1 17 9 26 26
0043_0059_0032_0026_0026.jpg 1 59 32 26 26
0044_0028_0031_0064_0064.jpg 1 28 31 64 64
0045_0015_0016_0063_0063.jpg 1 15 16 63 63
0046_0010_0038_0045_0045.jpg 1 10 38 45 45
0047_0007_0012_0054_0054.jpg 1 7 12 54 54
0048_0023_0027_0054_0054.jpg 1 23 27 54 54
0049_0054_0037_0029_0029.jpg 1 54 37 29 29
0050_0060_0052_0031_0031.jpg 1 60 52 31 31
0001_0024_0037_0027_0027.jpg 1 24 37 27 27
0002_0037_0012_0031_0031.jpg 1 37 12 31 31
0003_0026_0006_0052_0052.jpg 1 26 6 52 52
0004_0019_0012_0041_0041.jpg 1 19 12 41 41
0005_0029_0030_0063_0063.jpg 1 29 30 63 63
0006_0031_0024_0054_0054.jpg 1 31 24 54 54
0007_0004_0027_0062_0062.jpg 1 4 27 62 62
0008_0041_0033_0046_0046.jpg 1 41 33 46 46
0009_0005_0019_0055_0055.jpg 1 5 19 55 55
0010_0049_0040_0043_0043.jpg 1 49 40 43 43
0011_0013_0045_0046_0046.jpg 1 13 45 46 46
0012_0032_0009_0033_0033.jpg 1 32 9 33 33
0013_0027_0011_0036_0036.jpg 1 27 11 36 36
0014_0009_0023_0068_0068.jpg 1 9 23 68 68
0015_0044_0034_0043_0043.jpg 1 44 34 43 43
0016_0021_0037_0054_0054.jpg 1 21 37 54 54
0017_0035_0030_0036_0036.jpg 1 35 30 36 36
0018_0008_0018_0068_0068.jpg 1 8 18 68 68
0019_0028_0016_0046_0046.jpg 1 28 16 46 46
0020_0065_0020_0025_0025.jpg 1 65 20 25 25
0021_0018_0016_0056_0056.jpg 1 18 16 56 56
0022_0027_0037_0025_0025.jpg 1 27 37 25 25
0023_0018_0036_0044_0044.jpg 1 18 36 44 44
0024_0040_0030_0055_0055.jpg 1 40 30 55 55
0025_0040_0013_0048_0048.jpg 1 40 13 48 48
0026_0045_0018_0048_0048.jpg 1 45 18 48 48
0027_0019_0053_0037_0037.jpg 1 19 53 37 37
0028_0040_0024_0039_0039.jpg 1 40 24 39 39
0029_0030_0020_0036_0036.jpg 1 30 20 36 36
0030_0019_0030_0044_0044.jpg 1 19 30 44 44
0031_0019_0013_0053_0053.jpg 1 19 13 53 53
0032_0016_0038_0029_0029.jpg 1 16 38 29 29
0033_0029_0008_0060_0060.jpg 1 29 8 60 60
0034_0033_0023_0047_0047.jpg 1 33 23 47 47
0035_0016_0025_0028_0028.jpg 1 16 25 28 28
0036_0039_0031_0031_0031.jpg 1 39 31 31 31
0037_0062_0057_0024_0024.jpg 1 62 57 24 24
0038_0034_0012_0052_0052.jpg 1 34 12 52 52
0039_0023_0031_0058_0058.jpg 1 23 31 58 58
0040_0028_0054_0036_0036.jpg 1 28 54 36 36
0041_0023_0054_0028_0028.jpg 1 23 54 28 28
0042_0024_0044_0048_0048.jpg 1 24 44 48 48
0043_0048_0037_0037_0037.jpg 1 48 37 37 37
0044_0057_0036_0035_0035.jpg 1 57 36 35 35
0045_0014_0020_0066_0066.jpg 1 14 20 66 66
0046_0004_0024_0069_0069.jpg 1 4 24 69 69
0047_0040_0020_0036_0036.jpg 1 40 20 36 36
0048_0015_0003_0069_0069.jpg 1 15 3 69 69
0049_0032_0007_0051_0051.jpg 1 32 7 51 51
0050_0014_0030_0059_0059.jpg 1 14 30 59 59
0001_0014_0047_0039_0039.jpg 1 14 47 39 39
0002_0040_0028_0047_0047.jpg 1 40 28 47 47
0003_0005_0030_0050_0050.jpg 1 5 30 50 50
0004_0023_0025_0062_0062.jpg 1 23 25 62 62
0005_0010_0009_0066_0066.jpg 1 10 9 66 66
0006_0035_0035_0034_0034.jpg 1 35 35 34 34
0007_0006_0017_0060_0060.jpg 1 6 17 60 60
0008_0054_0044_0035_0035.jpg 1 54 44 35 35
0009_0013_0006_0054_0054.jpg 1 13 6 54 54
0010_0050_0016_0028_0028.jpg 1 50 16 28 28
0011_0043_0018_0048_0048.jpg 1 43 18 48 48
0012_0017_0056_0037_0037.jpg 1 17 56 37 37
0013_0038_0004_0054_0054.jpg 1 38 4 54 54
0014_0007_0041_0050_0050.jpg 1 7 41 50 50
0015_0033_0026_0028_0028.jpg 1 33 26 28 28
0016_0033_0013_0035_0035.jpg 1 33 13 35 35
0017_0014_0039_0043_0043.jpg 1 14 39 43 43
0018_0045_0045_0049_0049.jpg 1 45 45 49 49
0019_0028_0021_0058_0058.jpg 1 28 21 58 58
0020_0012_0004_0064_0064.jpg 1 12 4 64 64
0021_0013_0005_0056_0056.jpg 1 13 5 56 56
0022_0061_0015_0026_0026.jpg 1 61 15 26 26
0023_0020_0029_0053_0053.jpg 1 20 29 53 53
0024_0026_0007_0052_0052.jpg 1 26 7 52 52
0025_0015_0023_0052_0052.jpg 1 15 23 52 52
0026_0007_0010_0061_0061.jpg 1 7 10 61 61
0027_0029_0005_0062_0062.jpg 1 29 5 62 62
0028_0019_0010_0065_0065.jpg 1 19 10 65 65
0029_0031_0022_0024_0024.jpg 1 31 22 24 24
0030_0042_0039_0037_0037.jpg 1 42 39 37 37
0031_0027_0047_0033_0033.jpg 1 27 47 33 33
0032_0000_0000_0049_0049.jpg 1 0 0 49 49
0033_0044_0009_0049_0049.jpg 1 44 9 49 49
0034_0005_0027_0053_0053.jpg 1 5 27 53 53
0035_0029_0018_0060_0060.jpg 1 29 18 60 60
0036_0029_0017_0066_0066.jpg 1 29 17 66 66
0037_0013_0030_0066_0066.jpg 1 13 30 66 66
0038_0015_0014_0057_0057.jpg 1 15 14 57 57
0039_0009_0007_0065_0065.jpg 1 9 7 65 65
0040_0035_0023_0042_0042.jpg 1 35 23 42 42
0041_0006_0035_0042_0042.jpg 1 6 35 42 42
0042_0009_0006_0034_0034.jpg 1 9 6 34 34
0043_0012_0029_0064_0064.jpg 1 12 29 64 64
0044_0013_0010_0033_0033.jpg 1 13 10 33 33
0045_0040_0042_0046_0046.jpg 1 40 42 46 46
0046_0019_0054_0031_0031.jpg 1 19 54 31 31
0047_0032_0034_0032_0032.jpg 1 32 34 32 32
0048_0007_0005_0066_0066.jpg 1 7 5 66 66
0049_0061_0060_0026_0026.jpg 1 61 60 26 26
0050_0048_0033_0025_0025.jpg 1 48 33 25 25
0001_0026_0020_0044_0044.jpg 1 26 20 44 44
0002_0026_0046_0048_0048.jpg 1 26 46 48 48
0003_0042_0045_0037_0037.jpg 1 42 45 37 37
0004_0025_0010_0047_0047.jpg 1 25 10 47 47
0005_0021_0036_0049_0049.jpg 1 21 36 49 49
0006_0031_0046_0043_0043.jpg 1 31 46 43 43
0007_0016_0010_0067_0067.jpg 1 16 10 67 67
0008_0029_0039_0050_0050.jpg 1 29 39 50 50
0009_0016_0020_0058_0058.jpg 1 16 20 58 58
0010_0026_0019_0064_0064.jpg 1 26 19 64 64
0011_0032_0022_0054_0054.jpg 1 32 22 54 54
0012_0047_0014_0038_0038.jpg 1 47 14 38 38
0013_0023_0025_0050_0050.jpg 1 23 25 50 50
0014_0022_0036_0037_0037.jpg 1 22 36 37 37
0015_0014_0045_0034_0034.jpg 1 14 45 34 34
0016_0025_0030_0046_0046.jpg 1 25 30 46 46
0017_0046_0027_0043_0043.jpg 1 46 27 43 43
0018_0039_0015_0026_0026.jpg 1 39 15 26 26
0019_0032_0020_0036_0036.jpg 1 32 20 36 36
0020_0011_0017_0069_0069.jpg 1 11 17 69 69
0021_0007_0021_0055_0055.jpg 1 7 21 55 55
0022_0034_0060_0026_0026.jpg 1 34 60 26 26
0023_0026_0027_0047_0047.jpg 1 26 27 47 47
0024_0041_0020_0045_0045.jpg 1 41 20 45 45
0025_0051_0026_0036_0036.jpg 1 51 26 36 36
0026_0025_0011_0060_0060.jpg 1 25 11 60 60
0027_0021_0040_0051_0051.jpg 1 21 40 51 51
0028_0027_0012_0033_0033.jpg 1 27 12 33 33
0029_0034_0056_0031_0031.jpg 1 34 56 31 31
0030_0021_0019_0062_0062.jpg 1 21 19 62 62
0031_0015_0024_0060_0060.jpg 1 15 24 60 60
0032_0043_0031_0043_0043.jpg 1 43 31 43 43
0033_0060_0048_0024_0024.jpg 1 60 48 24 24
0034_0004_0019_0060_0060.jpg 1 4 19 60 60
0035_0011_0040_0028_0028.jpg 1 11 40 28 28
0036_0010_0028_0055_0055.jpg 1 10 28 55 55
0037_0025_0009_0026_0026.jpg 1 25 9 26 26
0038_0050_0047_0034_0034.jpg 1 50 47 34 34
0039_0036_0017_0043_0043.jpg 1 36 17 43 43
0040_0028_0048_0043_0043.jpg 1 28 48 43 43
0041_0017_0060_0028_0028.jpg 1 17 60 28 28
0042_0012_0013_0025_0025.jpg 1 12 13 25 25
0043_0029_0019_0045_0045.jpg 1 29 19 45 45
0044_0024_0041_0052_0052.jpg 1 24 41 52 52
0045_0015_0017_0061_0061.jpg 1 15 17 61 61
0046_0007_0015_0064_0064.jpg 1 7 15 64 64
0047_0038_0030_0039_0039.jpg 1 38 30 39 39
0048_0040_0036_0045_0045.jpg 1 40 36 45 45
0049_0025_0012_0056_0056.jpg 1 25 12 56 56
0050_0026_0028_0063_0063.jpg 1 26 28 63 63
0001_0014_0010_0061_0061.jpg 1 14 10 61 61
0002_0005_0028_0051_0051.jpg 1 5 28 51 51
0003_0041_0026_0027_0027.jpg 1 41 26 27 27
0004_0050_0025_0037_0037.jpg 1 50 25 37 37
0005_0046_0065_0025_0025.jpg 1 46 65 25 25
0006_0023_0012_0060_0060.jpg 1 23 12 60 60
0007_0020_0033_0062_0062.jpg 1 20 33 62 62
0008_0017_0021_0069_0069.jpg 1 17 21 69 69
0009_0024_0011_0059_0059.jpg 1 24 11 59 59
0010_0022_0008_0044_0044.jpg 1 22 8 44 44
0011_0022_0009_0068_0068.jpg 1 22 9 68 68
0012_0024_0022_0066_0066.jpg 1 24 22 66 66
0013_0047_0020_0046_0046.jpg 1 47 20 46 46
0014_0057_0036_0029_0029.jpg 1 57 36 29 29
0015_0030_0049_0040_0040.jpg 1 30 49 40 40
0016_0057_0034_0026_0026.jpg 1 57 34 26 26
0017_0041_0054_0025_0025.jpg 1 41 54 25 25
0018_0017_0025_0060_0060.jpg 1 17 25 60 60
0019_0022_0007_0043_0043.jpg 1 22 7 43 43
0020_0026_0044_0043_0043.jpg 1 26 44 43 43
0021_0048_0047_0033_0033.jpg 1 48 47 33 33
0022_0025_0017_0054_0054.jpg 1 25 17 54 54
0023_0039_0055_0035_0035.jpg 1 39 55 35 35
0024_0026_0013_0068_0068.jpg 1 26 13 68 68
0025_0004_0011_0062_0062.jpg 1 4 11 62 62
0026_0022_0044_0031_0031.jpg 1 22 44 31 31
0027_0030_0054_0031_0031.jpg 1 30 54 31 31
0028_0034_0019_0058_0058.jpg 1 34 19 58 58
0029_0007_0002_0037_0037.jpg 1 7 2 37 37
0030_0025_0014_0053_0053.jpg 1 25 14 53 53
0031_0010_0016_0064_0064.jpg 1 10 16 64 64
0032_0020_0014_0055_0055.jpg 1 20 14 55 55
0033_0012_0034_0045_0045.jpg 1 12 34 45 45
0034_0064_0011_0027_0027.jpg 1 64 11 27 27
0035_0057_0041_0035_0035.jpg 1 57 41 35 35
0036_0015_0035_0053_0053.jpg 1 15 35 53 53
0037_0017_0038_0032_0032.jpg 1 17 38 32 32
0038_0017_0005_0058_0058.jpg 1 17 5 58 58
0039_0036_0013_0037_0037.jpg 1 36 13 37 37
0040_0026_0032_0056_0056.jpg 1 26 32 56 56
0041_0020_0011_0063_0063.jpg 1 20 11 63 63
0042_0032_0057_0036_0036.jpg 1 32 57 36 36
0043_0006_0022_0064_0064.jpg 1 6 22 64 64
0044_0042_0029_0039_0039.jpg 1 42 29 39 39
0045_0029_0027_0044_0044.jpg 1 29 27 44 44
0046_0034_0015_0055_0055.jpg 1 34 15 55 55
0047_0015_0033_0050_0050.jpg 1 15 33 50 50
0048_0037_0012_0031_0031.jpg 1 37 12 31 31
0049_0017_0020_0059_0059.jpg 1 17 20 59 59
0050_0013_0035_0053_0053.jpg 1 13 35 53 53
